# JRE version: OpenJDK Runtime Environment (8.0_212-b03) (build 1.8.0_212-8u212-b03-0ubuntu1.18.04.1-b03)
# Java VM: OpenJDK 64-Bit Server VM (25.212-b03 mixed mode linux-amd64 compressed oops)
Heap:
 PSYoungGen      total 244736K, used 103663K [0x00000000f0100000, 0x0000000100000000, 0x0000000100000000)
  eden space 229376K, 42% used [0x00000000f0100000,0x00000000f5f97c18,0x00000000fe100000)
  from space 15360K, 44% used [0x00000000ff000000,0x00000000ff6a4010,0x00000000fff00000)
  to   space 15360K, 0% used [0x00000000fe100000,0x00000000fe100000,0x00000000ff000000)
 ParOldGen       total 252928K, used 227718K [0x00000000d0200000, 0x00000000df900000, 0x00000000f0100000)
  object space 252928K, 90% used [0x00000000d0200000,0x00000000de061b70,0x00000000df900000)
 Metaspace       used 178040K, capacity 200430K, committed 200576K, reserved 1222656K
  class space    used 20303K, capacity 26456K, committed 26496K, reserved 1048576K
GC Heap History (10 events):
Event: 12138.910 GC heap before
{Heap before GC invocations=451 (full 9):
 PSYoungGen      total 245760K, used 239348K [0x00000000f0100000, 0x0000000100000000, 0x0000000100000000)
  eden space 230400K, 99% used [0x00000000f0100000,0x00000000fe1eb698,0x00000000fe200000)
  from space 15360K, 58% used [0x00000000fe200000,0x00000000fead1c20,0x00000000ff100000)
  to   space 15360K, 0% used [0x00000000ff100000,0x00000000ff100000,0x0000000100000000)
 ParOldGen       total 252928K, used 214319K [0x00000000d0200000, 0x00000000df900000, 0x00000000f0100000)
  object space 252928K, 84% used [0x00000000d0200000,0x00000000dd34be60,0x00000000df900000)
 Metaspace       used 177382K, capacity 199620K, committed 199680K, reserved 1222656K
  class space    used 20225K, capacity 26340K, committed 26368K, reserved 1048576K
Event: 12138.973 GC heap after
Heap after GC invocations=451 (full 9):
 PSYoungGen      total 244736K, used 5046K [0x00000000f0100000, 0x0000000100000000, 0x0000000100000000)
  eden space 229376K, 0% used [0x00000000f0100000,0x00000000f0100000,0x00000000fe100000)
  from space 15360K, 32% used [0x00000000ff100000,0x00000000ff5ed910,0x0000000100000000)
  to   space 15872K, 0% used [0x00000000fe100000,0x00000000fe100000,0x00000000ff080000)
 ParOldGen       total 252928K, used 216695K [0x00000000d0200000, 0x00000000df900000, 0x00000000f0100000)
  object space 252928K, 85% used [0x00000000d0200000,0x00000000dd59ddb8,0x00000000df900000)
 Metaspace       used 177382K, capacity 199620K, committed 199680K, reserved 1222656K
  class space    used 20225K, capacity 26340K, committed 26368K, reserved 1048576K
}
Event: 12253.066 GC heap before
{Heap before GC invocations=452 (full 9):
 PSYoungGen      total 244736K, used 234422K [0x00000000f0100000, 0x0000000100000000, 0x0000000100000000)
  eden space 229376K, 100% used [0x00000000f0100000,0x00000000fe100000,0x00000000fe100000)
  from space 15360K, 32% used [0x00000000ff100000,0x00000000ff5ed910,0x0000000100000000)
  to   space 15872K, 0% used [0x00000000fe100000,0x00000000fe100000,0x00000000ff080000)
 ParOldGen       total 252928K, used 216695K [0x00000000d0200000, 0x00000000df900000, 0x00000000f0100000)
  object space 252928K, 85% used [0x00000000d0200000,0x00000000dd59ddb8,0x00000000df900000)
 Metaspace       used 177415K, capacity 199620K, committed 199680K, reserved 1222656K
  class space    used 20225K, capacity 26340K, committed 26368K, reserved 1048576K
Event: 12253.127 GC heap after
Heap after GC invocations=452 (full 9):
 PSYoungGen      total 245248K, used 6492K [0x00000000f0100000, 0x0000000100000000, 0x0000000100000000)
  eden space 229376K, 0% used [0x00000000f0100000,0x00000000f0100000,0x00000000fe100000)
  from space 15872K, 40% used [0x00000000fe100000,0x00000000fe757218,0x00000000ff080000)
  to   space 15872K, 0% used [0x00000000ff080000,0x00000000ff080000,0x0000000100000000)
 ParOldGen       total 252928K, used 217721K [0x00000000d0200000, 0x00000000df900000, 0x00000000f0100000)
  object space 252928K, 86% used [0x00000000d0200000,0x00000000dd69e6b8,0x00000000df900000)
 Metaspace       used 177415K, capacity 199620K, committed 199680K, reserved 1222656K
  class space    used 20225K, capacity 26340K, committed 26368K, reserved 1048576K
}
Event: 12255.135 GC heap before
{Heap before GC invocations=453 (full 9):
 PSYoungGen      total 245248K, used 235868K [0x00000000f0100000, 0x0000000100000000, 0x0000000100000000)
  eden space 229376K, 100% used [0x00000000f0100000,0x00000000fe100000,0x00000000fe100000)
  from space 15872K, 40% used [0x00000000fe100000,0x00000000fe757218,0x00000000ff080000)
  to   space 15872K, 0% used [0x00000000ff080000,0x00000000ff080000,0x0000000100000000)
 ParOldGen       total 252928K, used 217721K [0x00000000d0200000, 0x00000000df900000, 0x00000000f0100000)
  object space 252928K, 86% used [0x00000000d0200000,0x00000000dd69e6b8,0x00000000df900000)
 Metaspace       used 177437K, capacity 199684K, committed 199936K, reserved 1222656K
  class space    used 20225K, capacity 26340K, committed 26368K, reserved 1048576K
Event: 12255.194 GC heap after
Heap after GC invocations=453 (full 9):
 PSYoungGen      total 245248K, used 5072K [0x00000000f0100000, 0x0000000100000000, 0x0000000100000000)
  eden space 229376K, 0% used [0x00000000f0100000,0x00000000f0100000,0x00000000fe100000)
  from space 15872K, 31% used [0x00000000ff080000,0x00000000ff574070,0x0000000100000000)
  to   space 15872K, 0% used [0x00000000fe100000,0x00000000fe100000,0x00000000ff080000)
 ParOldGen       total 252928K, used 221644K [0x00000000d0200000, 0x00000000df900000, 0x00000000f0100000)
  object space 252928K, 87% used [0x00000000d0200000,0x00000000dda733e8,0x00000000df900000)
 Metaspace       used 177437K, capacity 199684K, committed 199936K, reserved 1222656K
  class space    used 20225K, capacity 26340K, committed 26368K, reserved 1048576K
}
Event: 14534.346 GC heap before
{Heap before GC invocations=454 (full 9):
 PSYoungGen      total 245248K, used 234440K [0x00000000f0100000, 0x0000000100000000, 0x0000000100000000)
  eden space 229376K, 99% used [0x00000000f0100000,0x00000000fe0fe230,0x00000000fe100000)
  from space 15872K, 31% used [0x00000000ff080000,0x00000000ff574070,0x0000000100000000)
  to   space 15872K, 0% used [0x00000000fe100000,0x00000000fe100000,0x00000000ff080000)
 ParOldGen       total 252928K, used 221644K [0x00000000d0200000, 0x00000000df900000, 0x00000000f0100000)
  object space 252928K, 87% used [0x00000000d0200000,0x00000000dda733e8,0x00000000df900000)
 Metaspace       used 177457K, capacity 199748K, committed 199936K, reserved 1222656K
  class space    used 20225K, capacity 26340K, committed 26368K, reserved 1048576K
Event: 14534.428 GC heap after
Heap after GC invocations=454 (full 9):
 PSYoungGen      total 236544K, used 7024K [0x00000000f0100000, 0x00000000fff00000, 0x0000000100000000)
  eden space 229376K, 0% used [0x00000000f0100000,0x00000000f0100000,0x00000000fe100000)
  from space 7168K, 97% used [0x00000000fe100000,0x00000000fe7dc0b0,0x00000000fe800000)
  to   space 15360K, 0% used [0x00000000ff000000,0x00000000ff000000,0x00000000fff00000)
 ParOldGen       total 252928K, used 223203K [0x00000000d0200000, 0x00000000df900000, 0x00000000f0100000)
  object space 252928K, 88% used [0x00000000d0200000,0x00000000ddbf8ee0,0x00000000df900000)
 Metaspace       used 177457K, capacity 199748K, committed 199936K, reserved 1222656K
  class space    used 20225K, capacity 26340K, committed 26368K, reserved 1048576K
}
Event: 17053.951 GC heap before
{Heap before GC invocations=455 (full 9):
 PSYoungGen      total 236544K, used 236400K [0x00000000f0100000, 0x00000000fff00000, 0x0000000100000000)
  eden space 229376K, 100% used [0x00000000f0100000,0x00000000fe100000,0x00000000fe100000)
  from space 7168K, 97% used [0x00000000fe100000,0x00000000fe7dc0b0,0x00000000fe800000)
  to   space 15360K, 0% used [0x00000000ff000000,0x00000000ff000000,0x00000000fff00000)
 ParOldGen       total 252928K, used 223203K [0x00000000d0200000, 0x00000000df900000, 0x00000000f0100000)
  object space 252928K, 88% used [0x00000000d0200000,0x00000000ddbf8ee0,0x00000000df900000)
 Metaspace       used 177819K, capacity 200122K, committed 200320K, reserved 1222656K
  class space    used 20276K, capacity 26420K, committed 26496K, reserved 1048576K
Event: 17055.249 GC heap after
Heap after GC invocations=455 (full 9):
 PSYoungGen      total 244736K, used 6800K [0x00000000f0100000, 0x0000000100000000, 0x0000000100000000)
  eden space 229376K, 0% used [0x00000000f0100000,0x00000000f0100000,0x00000000fe100000)
  from space 15360K, 44% used [0x00000000ff000000,0x00000000ff6a4010,0x00000000fff00000)
  to   space 15360K, 0% used [0x00000000fe100000,0x00000000fe100000,0x00000000ff000000)
 ParOldGen       total 252928K, used 227718K [0x00000000d0200000, 0x00000000df900000, 0x00000000f0100000)
  object space 252928K, 90% used [0x00000000d0200000,0x00000000de061b70,0x00000000df900000)
 Metaspace       used 177819K, capacity 200122K, committed 200320K, reserved 1222656K
  class space    used 20276K, capacity 26420K, committed 26496K, reserved 1048576K
}

